\BOOKMARK [0][-]{chapter*.2}{\376\377\004\022\004\062\004\065\004\064\004\065\004\075\004\070\004\065}{}% 1
\BOOKMARK [0][-]{chapter.1}{\376\377\004\020\004\075\004\060\004\073\004\070\004\102\004\070\004\107\004\065\004\101\004\072\004\070\004\071\000\040\004\100\004\060\004\067\004\064\004\065\004\073}{}% 2
\BOOKMARK [1][-]{section.1.1}{\376\377\004\044\004\076\004\100\004\074\004\060\004\073\004\070\004\067\004\060\004\106\004\070\004\117\000\040\004\076\004\061\004\112\004\065\004\072\004\102\004\076\004\062\000\040\004\101\004\070\004\075\004\102\004\065\004\067\004\070\004\100\004\103\004\065\004\074\004\076\004\071\000\040\004\101\004\106\004\065\004\075\004\113}{chapter.1}% 3
\BOOKMARK [1][-]{section.1.2}{\376\377\004\020\004\075\004\060\004\073\004\070\004\067\000\040\004\102\004\070\004\077\004\076\004\062\000\040\004\102\004\100\004\065\004\105\004\074\004\065\004\100\004\075\004\113\004\105\000\040\004\074\004\076\004\064\004\065\004\073\004\065\004\071}{chapter.1}% 4
\BOOKMARK [1][-]{section.1.3}{\376\377\004\020\004\075\004\060\004\073\004\070\004\067\000\040\004\101\004\077\004\076\004\101\004\076\004\061\004\076\004\062\000\040\004\067\004\060\004\064\004\060\004\075\004\070\004\117\000\040\004\077\004\076\004\062\004\065\004\100\004\105\004\075\004\076\004\101\004\102\004\075\004\076\004\071\000\040\004\074\004\076\004\064\004\065\004\073\004\070}{chapter.1}% 5
\BOOKMARK [1][-]{section.1.4}{\376\377\004\020\004\075\004\060\004\073\004\070\004\067\000\040\004\101\004\077\004\076\004\101\004\076\004\061\004\060\000\040\004\062\004\113\004\061\004\076\004\100\004\060\000\040\004\115\004\073\004\065\004\074\004\065\004\075\004\102\004\076\004\062\000\040\004\074\004\076\004\064\004\065\004\073\004\070\000\040\004\075\004\060\000\040\004\064\004\070\004\101\004\077\004\073\004\065\004\065}{chapter.1}% 6
\BOOKMARK [1][-]{section.1.5}{\376\377\004\020\004\075\004\060\004\073\004\070\004\067\000\040\004\060\004\073\004\063\004\076\004\100\004\070\004\102\004\074\004\076\004\062\000\040\004\103\004\064\004\060\004\073\004\065\004\075\004\070\004\117\000\040\004\075\004\065\004\062\004\070\004\064\004\070\004\074\004\113\004\105\000\040\004\073\004\070\004\075\004\070\004\071\000\040\004\070\000\040\004\077\004\076\004\062\004\065\004\100\004\105\004\075\004\076\004\101\004\102\004\065\004\071}{chapter.1}% 7
\BOOKMARK [2][-]{subsection.1.5.1}{\376\377\004\020\004\073\004\063\004\076\004\100\004\070\004\102\004\074\000\040\004\040\004\076\004\061\004\065\004\100\004\102\004\101\004\060}{section.1.5}% 8
\BOOKMARK [2][-]{subsection.1.5.2}{\376\377\004\020\004\073\004\063\004\076\004\100\004\070\004\102\004\074\000\040\004\022\004\060\004\100\004\075\004\076\004\072\004\060}{section.1.5}% 9
\BOOKMARK [2][-]{subsection.1.5.3}{\376\377\004\020\004\073\004\063\004\076\004\100\004\070\004\102\004\074\000,\000\040\004\070\004\101\004\077\004\076\004\073\004\114\004\067\004\103\004\116\004\111\004\070\004\071\000\040\000Z\000-\004\061\004\103\004\104\004\065\004\100}{section.1.5}% 10
\BOOKMARK [2][-]{subsection.1.5.4}{\376\377\004\020\004\073\004\063\004\076\004\100\004\070\004\102\004\074\000\040\004\076\004\061\004\100\004\060\004\102\004\075\004\076\004\071\000\040\004\102\004\100\004\060\004\101\004\101\004\070\004\100\004\076\004\062\004\072\004\070\000\040\004\073\004\103\004\107\004\065\004\071}{section.1.5}% 11
\BOOKMARK [2][-]{subsection.1.5.5}{\376\377\004\022\004\113\004\061\004\076\004\100\000\040\004\076\004\077\004\102\004\070\004\074\004\060\004\073\004\114\004\075\004\076\004\063\004\076\000\040\004\060\004\073\004\063\004\076\004\100\004\070\004\102\004\074\004\060}{section.1.5}% 12
\BOOKMARK [1][-]{section.1.6}{\376\377\004\020\004\075\004\060\004\073\004\070\004\067\000\040\004\074\004\065\004\102\004\076\004\064\004\076\004\062\000\040\004\067\004\060\004\072\004\100\004\060\004\101\004\072\004\070\000\040\004\063\004\100\004\060\004\075\004\065\004\071}{chapter.1}% 13
\BOOKMARK [2][-]{subsection.1.6.1}{\376\377\004\037\004\100\004\076\004\101\004\102\004\060\004\117\000\040\004\067\004\060\004\072\004\100\004\060\004\101\004\072\004\060}{section.1.6}% 14
\BOOKMARK [2][-]{subsection.1.6.2}{\376\377\004\027\004\060\004\072\004\100\004\060\004\101\004\072\004\060\000\040\004\077\004\076\000\040\004\023\004\103\004\100\004\076}{section.1.6}% 15
\BOOKMARK [2][-]{subsection.1.6.3}{\376\377\004\027\004\060\004\072\004\100\004\060\004\101\004\072\004\060\000\040\004\077\004\076\000\040\004\044\004\076\004\075\004\063\004\103}{section.1.6}% 16
\BOOKMARK [2][-]{subsection.1.6.4}{\376\377\004\022\004\113\004\061\004\076\004\100\000\040\004\076\004\077\004\102\004\070\004\074\004\060\004\073\004\114\004\075\004\076\004\063\004\076\000\040\004\060\004\073\004\063\004\076\004\100\004\070\004\102\004\074\004\060\000\040\004\067\004\060\004\072\004\100\004\060\004\101\004\072\004\070}{section.1.6}% 17
\BOOKMARK [0][-]{chapter.2}{\376\377\004\032\004\076\004\075\004\101\004\102\004\100\004\103\004\072\004\102\004\076\004\100\004\101\004\072\004\070\004\071\000\040\004\100\004\060\004\067\004\064\004\065\004\073}{}% 18
\BOOKMARK [1][-]{section.2.1}{\376\377\004\042\004\100\004\065\004\061\004\076\004\062\004\060\004\075\004\070\004\117\000\040\004\072\000\040\004\077\004\100\004\076\004\063\004\100\004\060\004\074\004\074\004\075\004\076\004\074\004\103\000\040\004\076\004\061\004\065\004\101\004\077\004\065\004\107\004\065\004\075\004\070\004\116}{chapter.2}% 19
\BOOKMARK [1][-]{section.2.2}{\376\377\004\036\004\101\004\075\004\076\004\062\004\075\004\113\004\065\000\040\004\101\004\102\004\100\004\103\004\072\004\102\004\103\004\100\004\113\000\040\004\064\004\060\004\075\004\075\004\113\004\105}{chapter.2}% 20
\BOOKMARK [1][-]{section.2.3}{\376\377\004\020\004\073\004\063\004\076\004\100\004\070\004\102\004\074\000\040\004\062\004\070\004\067\004\103\004\060\004\073\004\114\004\075\004\076\004\063\004\076\000\040\004\076\004\102\004\076\004\061\004\100\004\060\004\066\004\065\004\075\004\070\004\117\000\040\004\101\004\106\004\065\004\075\004\113}{chapter.2}% 21
\BOOKMARK [1][-]{section.2.4}{\376\377\004\037\004\076\004\070\004\101\004\072\000\040\004\115\004\072\004\100\004\060\004\075\004\075\004\113\004\105\000\040\004\072\004\076\004\076\004\100\004\064\004\070\004\075\004\060\004\102\000\040\004\062\004\065\004\100\004\110\004\070\004\075\004\113}{chapter.2}% 22
\BOOKMARK [2][-]{subsection.2.4.1}{\376\377\004\020\004\104\004\104\004\070\004\075\004\075\004\113\004\065\000\040\004\077\004\100\004\065\004\076\004\061\004\100\004\060\004\067\004\076\004\062\004\060\004\075\004\070\004\117}{section.2.4}% 23
\BOOKMARK [2][-]{subsection.2.4.2}{\376\377\004\037\004\100\004\070\004\062\004\065\004\064\004\065\004\075\004\070\004\065\000\040\004\072\000\040\004\077\004\100\004\076\004\101\004\102\004\100\004\060\004\075\004\101\004\102\004\062\004\103\000\040\004\072\004\060\004\074\004\065\004\100\004\113}{section.2.4}% 24
\BOOKMARK [2][-]{subsection.2.4.3}{\376\377\004\037\004\100\004\076\004\065\004\106\004\070\004\100\004\076\004\062\004\060\004\075\004\070\004\065\000\040\004\062\004\065\004\100\004\110\004\070\004\075\004\113}{section.2.4}% 25
\BOOKMARK [2][-]{subsection.2.4.4}{\376\377\004\036\004\077\004\100\004\065\004\064\004\065\004\073\004\065\004\075\004\070\004\065\000\040\004\075\004\065\004\073\004\070\004\106\004\065\004\062\004\113\004\105\000\040\004\063\004\100\004\060\004\075\004\065\004\071}{section.2.4}% 26
\BOOKMARK [1][-]{section.2.5}{\376\377\004\022\004\113\004\107\004\070\004\101\004\073\004\065\004\075\004\070\004\065\000\040\004\063\004\073\004\103\004\061\004\070\004\075\004\113\000\040\004\077\004\070\004\072\004\101\004\065\004\073\004\117}{chapter.2}% 27
\BOOKMARK [1][-]{section.2.6}{\376\377\004\037\004\100\004\076\004\101\004\102\004\060\004\117\000\040\004\074\004\076\004\064\004\065\004\073\004\114\000\040\004\076\004\101\004\062\004\065\004\111\004\065\004\075\004\070\004\117}{chapter.2}% 28
\BOOKMARK [1][-]{section.2.7}{\376\377\004\020\004\073\004\063\004\076\004\100\004\070\004\102\004\074\000\040\004\062\004\113\004\061\004\076\004\100\004\060\000\040\004\101\004\076\004\101\004\102\004\060\004\062\004\073\004\117\004\116\004\111\004\065\004\071\000\040\004\107\004\060\004\101\004\102\004\070\000\040\004\074\004\076\004\064\004\065\004\073\004\070}{chapter.2}% 29
\BOOKMARK [0][-]{chapter.3}{\376\377\004\042\004\065\004\105\004\075\004\076\004\073\004\076\004\063\004\070\004\107\004\065\004\101\004\072\004\070\004\071\000\040\004\100\004\060\004\067\004\064\004\065\004\073}{}% 30
\BOOKMARK [1][-]{section.3.1}{\376\377\004\022\004\113\004\061\004\076\004\100\000\040\004\101\004\100\004\065\004\064\004\101\004\102\004\062\000\040\004\100\004\065\004\060\004\073\004\070\004\067\004\060\004\106\004\070\004\070}{chapter.3}% 31
\BOOKMARK [1][-]{section.3.2}{\376\377\004\041\004\102\004\100\004\103\004\072\004\102\004\103\004\100\004\060\000\040\004\077\004\100\004\076\004\063\004\100\004\060\004\074\004\074\004\113}{chapter.3}% 32
\BOOKMARK [1][-]{section.3.3}{\376\377\004\036\004\077\004\070\004\101\004\060\004\075\004\070\004\065\000\040\004\072\004\073\004\060\004\101\004\101\004\076\004\062\000\040\004\070\000\040\004\074\004\076\004\064\004\103\004\073\004\065\004\071\000\040\004\077\004\100\004\076\004\063\004\100\004\060\004\074\004\074\004\113}{chapter.3}% 33
\BOOKMARK [1][-]{section.3.4}{\376\377\004\040\004\065\004\060\004\073\004\070\004\067\004\060\004\106\004\070\004\070\000\040\004\060\004\073\004\063\004\076\004\100\004\070\004\102\004\074\004\076\004\062}{chapter.3}% 34
\BOOKMARK [1][-]{section.3.5}{\376\377\004\030\004\075\004\102\004\065\004\100\004\104\004\065\004\071\004\101\000\040\004\077\004\100\004\076\004\063\004\100\004\060\004\074\004\074\004\113}{chapter.3}% 35
\BOOKMARK [0][-]{chapter.4}{\376\377\004\030\004\101\004\101\004\073\004\065\004\064\004\076\004\062\004\060\004\102\004\065\004\073\004\114\004\101\004\072\004\070\004\071\000\040\004\100\004\060\004\067\004\064\004\065\004\073}{}% 36
\BOOKMARK [1][-]{section.4.1}{\376\377\004\042\004\065\004\105\004\075\004\070\004\107\004\065\004\101\004\072\004\070\004\065\000\040\004\105\004\060\004\100\004\060\004\072\004\102\004\065\004\100\004\070\004\101\004\102\004\070\004\072\004\070}{chapter.4}% 37
\BOOKMARK [1][-]{section.4.2}{\376\377\004\022\004\100\004\065\004\074\004\117\000\040\004\062\004\113\004\077\004\076\004\073\004\075\004\065\004\075\004\070\004\117\000\040\004\060\004\073\004\063\004\076\004\100\004\070\004\102\004\074\004\076\004\062}{chapter.4}% 38
\BOOKMARK [0][-]{chapter*.18}{\376\377\004\027\004\060\004\072\004\073\004\116\004\107\004\065\004\075\004\070\004\065}{}% 39
\BOOKMARK [0][-]{chapter*.18}{\376\377\004\041\004\077\004\070\004\101\004\076\004\072\000\040\004\070\004\101\004\077\004\076\004\073\004\114\004\067\004\076\004\062\004\060\004\075\004\075\004\113\004\105\000\040\004\070\004\101\004\102\004\076\004\107\004\075\004\070\004\072\004\076\004\062}{}% 40
